# JRE version: OpenJDK Runtime Environment Temurin-21.0.8+9 (21.0.8+9) (build 21.0.8+9-LTS)
# Java VM: OpenJDK 64-Bit Server VM Temurin-21.0.8+9 (21.0.8+9-LTS, mixed mode, sharing, tiered, compressed oops, compressed class ptrs, parallel gc, windows-amd64)
GC Precious Log:
 CardTable entry size: 512
 CPUs: 12 total, 12 available
 Memory: 15400M
 Large Page Support: Disabled
 NUMA Support: Disabled
 Compressed Oops: Enabled (32-bit)
 Alignments: Space 512K, Generation 512K, Heap 2M
 Heap Min Capacity: 100M
 Heap Initial Capacity: 100M
 Heap Max Capacity: 2G
 Pre-touch: Disabled
 Parallel Workers: 10
Heap:
 PSYoungGen      total 6144K, used 1004K [0x00000000d5580000, 0x00000000d5c80000, 0x0000000100000000)
  eden space 5120K, 1% used [0x00000000d5580000,0x00000000d5599188,0x00000000d5a80000)
  from space 1024K, 88% used [0x00000000d5b00000,0x00000000d5be1f68,0x00000000d5c00000)
  to   space 512K, 0% used [0x00000000d5c00000,0x00000000d5c00000,0x00000000d5c80000)
 ParOldGen       total 145920K, used 145661K [0x0000000080000000, 0x0000000088e80000, 0x00000000d5580000)
  object space 145920K, 99% used [0x0000000080000000,0x0000000088e3f670,0x0000000088e80000)
 Metaspace       used 59686K, committed 61120K, reserved 1114112K
  class space    used 6507K, committed 7104K, reserved 1048576K
GC Heap History (20 events):
Event: 3.235 GC heap before
{Heap before GC invocations=96 (full 3):
 PSYoungGen      total 6656K, used 6182K [0x00000000d5580000, 0x00000000d5d80000, 0x0000000100000000)
  eden space 5120K, 100% used [0x00000000d5580000,0x00000000d5a80000,0x00000000d5a80000)
  from space 1536K, 69% used [0x00000000d5c00000,0x00000000d5d09810,0x00000000d5d80000)
  to   space 1536K, 0% used [0x00000000d5a80000,0x00000000d5a80000,0x00000000d5c00000)
 ParOldGen       total 144896K, used 132836K [0x0000000080000000, 0x0000000088d80000, 0x00000000d5580000)
  object space 144896K, 91% used [0x0000000080000000,0x00000000881b91f0,0x0000000088d80000)
 Metaspace       used 58965K, committed 60416K, reserved 1114112K
  class space    used 6438K, committed 7040K, reserved 1048576K
}
Event: 3.235 GC heap after
{Heap after GC invocations=96 (full 3):
 PSYoungGen      total 6656K, used 1088K [0x00000000d5580000, 0x00000000d5d80000, 0x0000000100000000)
  eden space 5120K, 0% used [0x00000000d5580000,0x00000000d5580000,0x00000000d5a80000)
  from space 1536K, 70% used [0x00000000d5a80000,0x00000000d5b900e8,0x00000000d5c00000)
  to   space 1536K, 0% used [0x00000000d5c00000,0x00000000d5c00000,0x00000000d5d80000)
 ParOldGen       total 144896K, used 133780K [0x0000000080000000, 0x0000000088d80000, 0x00000000d5580000)
  object space 144896K, 92% used [0x0000000080000000,0x00000000882a5270,0x0000000088d80000)
 Metaspace       used 58965K, committed 60416K, reserved 1114112K
  class space    used 6438K, committed 7040K, reserved 1048576K
}
Event: 3.242 GC heap before
{Heap before GC invocations=97 (full 3):
 PSYoungGen      total 6656K, used 6208K [0x00000000d5580000, 0x00000000d5d80000, 0x0000000100000000)
  eden space 5120K, 100% used [0x00000000d5580000,0x00000000d5a80000,0x00000000d5a80000)
  from space 1536K, 70% used [0x00000000d5a80000,0x00000000d5b900e8,0x00000000d5c00000)
  to   space 1536K, 0% used [0x00000000d5c00000,0x00000000d5c00000,0x00000000d5d80000)
 ParOldGen       total 144896K, used 133780K [0x0000000080000000, 0x0000000088d80000, 0x00000000d5580000)
  object space 144896K, 92% used [0x0000000080000000,0x00000000882a5270,0x0000000088d80000)
 Metaspace       used 59068K, committed 60544K, reserved 1114112K
  class space    used 6450K, committed 7040K, reserved 1048576K
}
Event: 3.243 GC heap after
{Heap after GC invocations=97 (full 3):
 PSYoungGen      total 6656K, used 1118K [0x00000000d5580000, 0x00000000d5d80000, 0x0000000100000000)
  eden space 5120K, 0% used [0x00000000d5580000,0x00000000d5580000,0x00000000d5a80000)
  from space 1536K, 72% used [0x00000000d5c00000,0x00000000d5d17868,0x00000000d5d80000)
  to   space 1536K, 0% used [0x00000000d5a80000,0x00000000d5a80000,0x00000000d5c00000)
 ParOldGen       total 144896K, used 134724K [0x0000000080000000, 0x0000000088d80000, 0x00000000d5580000)
  object space 144896K, 92% used [0x0000000080000000,0x0000000088391280,0x0000000088d80000)
 Metaspace       used 59068K, committed 60544K, reserved 1114112K
  class space    used 6450K, committed 7040K, reserved 1048576K
}
Event: 3.251 GC heap before
{Heap before GC invocations=98 (full 3):
 PSYoungGen      total 6656K, used 6238K [0x00000000d5580000, 0x00000000d5d80000, 0x0000000100000000)
  eden space 5120K, 100% used [0x00000000d5580000,0x00000000d5a80000,0x00000000d5a80000)
  from space 1536K, 72% used [0x00000000d5c00000,0x00000000d5d17868,0x00000000d5d80000)
  to   space 1536K, 0% used [0x00000000d5a80000,0x00000000d5a80000,0x00000000d5c00000)
 ParOldGen       total 144896K, used 134724K [0x0000000080000000, 0x0000000088d80000, 0x00000000d5580000)
  object space 144896K, 92% used [0x0000000080000000,0x0000000088391280,0x0000000088d80000)
 Metaspace       used 59122K, committed 60608K, reserved 1114112K
  class space    used 6454K, committed 7040K, reserved 1048576K
}
Event: 3.252 GC heap after
{Heap after GC invocations=98 (full 3):
 PSYoungGen      total 6656K, used 1364K [0x00000000d5580000, 0x00000000d5d80000, 0x0000000100000000)
  eden space 5120K, 0% used [0x00000000d5580000,0x00000000d5580000,0x00000000d5a80000)
  from space 1536K, 88% used [0x00000000d5a80000,0x00000000d5bd5110,0x00000000d5c00000)
  to   space 1536K, 0% used [0x00000000d5c00000,0x00000000d5c00000,0x00000000d5d80000)
 ParOldGen       total 144896K, used 135707K [0x0000000080000000, 0x0000000088d80000, 0x00000000d5580000)
  object space 144896K, 93% used [0x0000000080000000,0x0000000088486fc8,0x0000000088d80000)
 Metaspace       used 59122K, committed 60608K, reserved 1114112K
  class space    used 6454K, committed 7040K, reserved 1048576K
}
Event: 3.261 GC heap before
{Heap before GC invocations=99 (full 3):
 PSYoungGen      total 6656K, used 6484K [0x00000000d5580000, 0x00000000d5d80000, 0x0000000100000000)
  eden space 5120K, 100% used [0x00000000d5580000,0x00000000d5a80000,0x00000000d5a80000)
  from space 1536K, 88% used [0x00000000d5a80000,0x00000000d5bd5110,0x00000000d5c00000)
  to   space 1536K, 0% used [0x00000000d5c00000,0x00000000d5c00000,0x00000000d5d80000)
 ParOldGen       total 144896K, used 135707K [0x0000000080000000, 0x0000000088d80000, 0x00000000d5580000)
  object space 144896K, 93% used [0x0000000080000000,0x0000000088486fc8,0x0000000088d80000)
 Metaspace       used 59164K, committed 60608K, reserved 1114112K
  class space    used 6456K, committed 7040K, reserved 1048576K
}
Event: 3.262 GC heap after
{Heap after GC invocations=99 (full 3):
 PSYoungGen      total 6656K, used 1253K [0x00000000d5580000, 0x00000000d5d80000, 0x0000000100000000)
  eden space 5120K, 0% used [0x00000000d5580000,0x00000000d5580000,0x00000000d5a80000)
  from space 1536K, 81% used [0x00000000d5c00000,0x00000000d5d39418,0x00000000d5d80000)
  to   space 1536K, 0% used [0x00000000d5a80000,0x00000000d5a80000,0x00000000d5c00000)
 ParOldGen       total 144896K, used 136698K [0x0000000080000000, 0x0000000088d80000, 0x00000000d5580000)
  object space 144896K, 94% used [0x0000000080000000,0x000000008857eb28,0x0000000088d80000)
 Metaspace       used 59164K, committed 60608K, reserved 1114112K
  class space    used 6456K, committed 7040K, reserved 1048576K
}
Event: 3.269 GC heap before
{Heap before GC invocations=100 (full 3):
 PSYoungGen      total 6656K, used 6373K [0x00000000d5580000, 0x00000000d5d80000, 0x0000000100000000)
  eden space 5120K, 100% used [0x00000000d5580000,0x00000000d5a80000,0x00000000d5a80000)
  from space 1536K, 81% used [0x00000000d5c00000,0x00000000d5d39418,0x00000000d5d80000)
  to   space 1536K, 0% used [0x00000000d5a80000,0x00000000d5a80000,0x00000000d5c00000)
 ParOldGen       total 144896K, used 136698K [0x0000000080000000, 0x0000000088d80000, 0x00000000d5580000)
  object space 144896K, 94% used [0x0000000080000000,0x000000008857eb28,0x0000000088d80000)
 Metaspace       used 59276K, committed 60736K, reserved 1114112K
  class space    used 6464K, committed 7040K, reserved 1048576K
}
Event: 3.270 GC heap after
{Heap after GC invocations=100 (full 3):
 PSYoungGen      total 6656K, used 1216K [0x00000000d5580000, 0x00000000d5d80000, 0x0000000100000000)
  eden space 5120K, 0% used [0x00000000d5580000,0x00000000d5580000,0x00000000d5a80000)
  from space 1536K, 79% used [0x00000000d5a80000,0x00000000d5bb0000,0x00000000d5c00000)
  to   space 1536K, 0% used [0x00000000d5c00000,0x00000000d5c00000,0x00000000d5d80000)
 ParOldGen       total 144896K, used 137757K [0x0000000080000000, 0x0000000088d80000, 0x00000000d5580000)
  object space 144896K, 95% used [0x0000000080000000,0x0000000088687760,0x0000000088d80000)
 Metaspace       used 59276K, committed 60736K, reserved 1114112K
  class space    used 6464K, committed 7040K, reserved 1048576K
}
Event: 3.277 GC heap before
{Heap before GC invocations=101 (full 3):
 PSYoungGen      total 6656K, used 6336K [0x00000000d5580000, 0x00000000d5d80000, 0x0000000100000000)
  eden space 5120K, 100% used [0x00000000d5580000,0x00000000d5a80000,0x00000000d5a80000)
  from space 1536K, 79% used [0x00000000d5a80000,0x00000000d5bb0000,0x00000000d5c00000)
  to   space 1536K, 0% used [0x00000000d5c00000,0x00000000d5c00000,0x00000000d5d80000)
 ParOldGen       total 144896K, used 137757K [0x0000000080000000, 0x0000000088d80000, 0x00000000d5580000)
  object space 144896K, 95% used [0x0000000080000000,0x0000000088687760,0x0000000088d80000)
 Metaspace       used 59377K, committed 60864K, reserved 1114112K
  class space    used 6471K, committed 7104K, reserved 1048576K
}
Event: 3.278 GC heap after
{Heap after GC invocations=101 (full 3):
 PSYoungGen      total 6656K, used 1239K [0x00000000d5580000, 0x00000000d5d80000, 0x0000000100000000)
  eden space 5120K, 0% used [0x00000000d5580000,0x00000000d5580000,0x00000000d5a80000)
  from space 1536K, 80% used [0x00000000d5c00000,0x00000000d5d35d08,0x00000000d5d80000)
  to   space 1536K, 0% used [0x00000000d5a80000,0x00000000d5a80000,0x00000000d5c00000)
 ParOldGen       total 144896K, used 138728K [0x0000000080000000, 0x0000000088d80000, 0x00000000d5580000)
  object space 144896K, 95% used [0x0000000080000000,0x000000008877a200,0x0000000088d80000)
 Metaspace       used 59377K, committed 60864K, reserved 1114112K
  class space    used 6471K, committed 7104K, reserved 1048576K
}
Event: 3.286 GC heap before
{Heap before GC invocations=102 (full 3):
 PSYoungGen      total 6656K, used 6357K [0x00000000d5580000, 0x00000000d5d80000, 0x0000000100000000)
  eden space 5120K, 99% used [0x00000000d5580000,0x00000000d5a7f878,0x00000000d5a80000)
  from space 1536K, 80% used [0x00000000d5c00000,0x00000000d5d35d08,0x00000000d5d80000)
  to   space 1536K, 0% used [0x00000000d5a80000,0x00000000d5a80000,0x00000000d5c00000)
 ParOldGen       total 144896K, used 138728K [0x0000000080000000, 0x0000000088d80000, 0x00000000d5580000)
  object space 144896K, 95% used [0x0000000080000000,0x000000008877a200,0x0000000088d80000)
 Metaspace       used 59527K, committed 61056K, reserved 1114112K
  class space    used 6483K, committed 7104K, reserved 1048576K
}
Event: 3.287 GC heap after
{Heap after GC invocations=102 (full 3):
 PSYoungGen      total 6656K, used 1350K [0x00000000d5580000, 0x00000000d5d80000, 0x0000000100000000)
  eden space 5120K, 0% used [0x00000000d5580000,0x00000000d5580000,0x00000000d5a80000)
  from space 1536K, 87% used [0x00000000d5a80000,0x00000000d5bd18c0,0x00000000d5c00000)
  to   space 1536K, 0% used [0x00000000d5c00000,0x00000000d5c00000,0x00000000d5d80000)
 ParOldGen       total 144896K, used 139727K [0x0000000080000000, 0x0000000088d80000, 0x00000000d5580000)
  object space 144896K, 96% used [0x0000000080000000,0x0000000088873d18,0x0000000088d80000)
 Metaspace       used 59527K, committed 61056K, reserved 1114112K
  class space    used 6483K, committed 7104K, reserved 1048576K
}
Event: 3.296 GC heap before
{Heap before GC invocations=103 (full 3):
 PSYoungGen      total 6656K, used 6470K [0x00000000d5580000, 0x00000000d5d80000, 0x0000000100000000)
  eden space 5120K, 100% used [0x00000000d5580000,0x00000000d5a80000,0x00000000d5a80000)
  from space 1536K, 87% used [0x00000000d5a80000,0x00000000d5bd18c0,0x00000000d5c00000)
  to   space 1536K, 0% used [0x00000000d5c00000,0x00000000d5c00000,0x00000000d5d80000)
 ParOldGen       total 144896K, used 139727K [0x0000000080000000, 0x0000000088d80000, 0x00000000d5580000)
  object space 144896K, 96% used [0x0000000080000000,0x0000000088873d18,0x0000000088d80000)
 Metaspace       used 59596K, committed 61056K, reserved 1114112K
  class space    used 6497K, committed 7104K, reserved 1048576K
}
Event: 3.297 GC heap after
{Heap after GC invocations=103 (full 3):
 PSYoungGen      total 6656K, used 1172K [0x00000000d5580000, 0x00000000d5d80000, 0x0000000100000000)
  eden space 5120K, 0% used [0x00000000d5580000,0x00000000d5580000,0x00000000d5a80000)
  from space 1536K, 76% used [0x00000000d5c00000,0x00000000d5d251f0,0x00000000d5d80000)
  to   space 1536K, 0% used [0x00000000d5a80000,0x00000000d5a80000,0x00000000d5c00000)
 ParOldGen       total 144896K, used 140844K [0x0000000080000000, 0x0000000088d80000, 0x00000000d5580000)
  object space 144896K, 97% used [0x0000000080000000,0x000000008898b060,0x0000000088d80000)
 Metaspace       used 59596K, committed 61056K, reserved 1114112K
  class space    used 6497K, committed 7104K, reserved 1048576K
}
Event: 3.305 GC heap before
{Heap before GC invocations=104 (full 3):
 PSYoungGen      total 6656K, used 6292K [0x00000000d5580000, 0x00000000d5d80000, 0x0000000100000000)
  eden space 5120K, 100% used [0x00000000d5580000,0x00000000d5a80000,0x00000000d5a80000)
  from space 1536K, 76% used [0x00000000d5c00000,0x00000000d5d251f0,0x00000000d5d80000)
  to   space 1536K, 0% used [0x00000000d5a80000,0x00000000d5a80000,0x00000000d5c00000)
 ParOldGen       total 144896K, used 140844K [0x0000000080000000, 0x0000000088d80000, 0x00000000d5580000)
  object space 144896K, 97% used [0x0000000080000000,0x000000008898b060,0x0000000088d80000)
 Metaspace       used 59646K, committed 61120K, reserved 1114112K
  class space    used 6504K, committed 7104K, reserved 1048576K
}
Event: 3.306 GC heap after
{Heap after GC invocations=104 (full 3):
 PSYoungGen      total 6656K, used 1129K [0x00000000d5580000, 0x00000000d5d80000, 0x0000000100000000)
  eden space 5120K, 0% used [0x00000000d5580000,0x00000000d5580000,0x00000000d5a80000)
  from space 1536K, 73% used [0x00000000d5a80000,0x00000000d5b9a7d8,0x00000000d5c00000)
  to   space 1536K, 0% used [0x00000000d5c00000,0x00000000d5c00000,0x00000000d5d80000)
 ParOldGen       total 144896K, used 141871K [0x0000000080000000, 0x0000000088d80000, 0x00000000d5580000)
  object space 144896K, 97% used [0x0000000080000000,0x0000000088a8bcd0,0x0000000088d80000)
 Metaspace       used 59646K, committed 61120K, reserved 1114112K
  class space    used 6504K, committed 7104K, reserved 1048576K
}
Event: 3.313 GC heap before
{Heap before GC invocations=105 (full 3):
 PSYoungGen      total 6656K, used 6249K [0x00000000d5580000, 0x00000000d5d80000, 0x0000000100000000)
  eden space 5120K, 100% used [0x00000000d5580000,0x00000000d5a80000,0x00000000d5a80000)
  from space 1536K, 73% used [0x00000000d5a80000,0x00000000d5b9a7d8,0x00000000d5c00000)
  to   space 1536K, 0% used [0x00000000d5c00000,0x00000000d5c00000,0x00000000d5d80000)
 ParOldGen       total 144896K, used 141871K [0x0000000080000000, 0x0000000088d80000, 0x00000000d5580000)
  object space 144896K, 97% used [0x0000000080000000,0x0000000088a8bcd0,0x0000000088d80000)
 Metaspace       used 59653K, committed 61120K, reserved 1114112K
  class space    used 6505K, committed 7104K, reserved 1048576K
}
Event: 3.314 GC heap after
{Heap after GC invocations=105 (full 3):
 PSYoungGen      total 6656K, used 1143K [0x00000000d5580000, 0x00000000d5d80000, 0x0000000100000000)
  eden space 5120K, 0% used [0x00000000d5580000,0x00000000d5580000,0x00000000d5a80000)
  from space 1536K, 74% used [0x00000000d5c00000,0x00000000d5d1dcf8,0x00000000d5d80000)
  to   space 1536K, 0% used [0x00000000d5a80000,0x00000000d5a80000,0x00000000d5c00000)
 ParOldGen       total 144896K, used 142817K [0x0000000080000000, 0x0000000088d80000, 0x00000000d5580000)
  object space 144896K, 98% used [0x0000000080000000,0x0000000088b78638,0x0000000088d80000)
 Metaspace       used 59653K, committed 61120K, reserved 1114112K
  class space    used 6505K, committed 7104K, reserved 1048576K
}

