# JRE version: OpenJDK Runtime Environment Temurin-21.0.8+9 (21.0.8+9) (build 21.0.8+9-LTS)
# Java VM: OpenJDK 64-Bit Server VM Temurin-21.0.8+9 (21.0.8+9-LTS, mixed mode, sharing, tiered, compressed oops, compressed class ptrs, parallel gc, windows-amd64)
GC Precious Log:
 CardTable entry size: 512
 CPUs: 12 total, 12 available
 Memory: 15400M
 Large Page Support: Disabled
 NUMA Support: Disabled
 Compressed Oops: Enabled (32-bit)
 Alignments: Space 512K, Generation 512K, Heap 2M
 Heap Min Capacity: 100M
 Heap Initial Capacity: 100M
 Heap Max Capacity: 2G
 Pre-touch: Disabled
 Parallel Workers: 10
Heap:
 PSYoungGen      total 1536K, used 789K [0x00000000d5580000, 0x00000000d5800000, 0x0000000100000000)
  eden space 512K, 25% used [0x00000000d5580000,0x00000000d55a0710,0x00000000d5600000)
  from space 1024K, 64% used [0x00000000d5700000,0x00000000d57a4fd0,0x00000000d5800000)
  to   space 1024K, 0% used [0x00000000d5600000,0x00000000d5600000,0x00000000d5700000)
 ParOldGen       total 357888K, used 357435K [0x0000000080000000, 0x0000000095d80000, 0x00000000d5580000)
  object space 357888K, 99% used [0x0000000080000000,0x0000000095d0eca0,0x0000000095d80000)
 Metaspace       used 59285K, committed 60736K, reserved 1114112K
  class space    used 6464K, committed 7104K, reserved 1048576K
GC Heap History (20 events):
Event: 4.039 GC heap before
{Heap before GC invocations=400 (full 3):
 PSYoungGen      total 1536K, used 1115K [0x00000000d5580000, 0x00000000d5800000, 0x0000000100000000)
  eden space 512K, 100% used [0x00000000d5580000,0x00000000d5600000,0x00000000d5600000)
  from space 1024K, 58% used [0x00000000d5700000,0x00000000d5796f70,0x00000000d5800000)
  to   space 1024K, 0% used [0x00000000d5600000,0x00000000d5600000,0x00000000d5700000)
 ParOldGen       total 350208K, used 349992K [0x0000000080000000, 0x0000000095600000, 0x00000000d5580000)
  object space 350208K, 99% used [0x0000000080000000,0x00000000955ca200,0x0000000095600000)
 Metaspace       used 59285K, committed 60736K, reserved 1114112K
  class space    used 6464K, committed 7104K, reserved 1048576K
}
Event: 4.040 GC heap after
{Heap after GC invocations=400 (full 3):
 PSYoungGen      total 1536K, used 611K [0x00000000d5580000, 0x00000000d5800000, 0x0000000100000000)
  eden space 512K, 0% used [0x00000000d5580000,0x00000000d5580000,0x00000000d5600000)
  from space 1024K, 59% used [0x00000000d5600000,0x00000000d5698ee8,0x00000000d5700000)
  to   space 1024K, 0% used [0x00000000d5700000,0x00000000d5700000,0x00000000d5800000)
 ParOldGen       total 350720K, used 350540K [0x0000000080000000, 0x0000000095680000, 0x00000000d5580000)
  object space 350720K, 99% used [0x0000000080000000,0x0000000095653138,0x0000000095680000)
 Metaspace       used 59285K, committed 60736K, reserved 1114112K
  class space    used 6464K, committed 7104K, reserved 1048576K
}
Event: 4.047 GC heap before
{Heap before GC invocations=401 (full 3):
 PSYoungGen      total 1536K, used 1123K [0x00000000d5580000, 0x00000000d5800000, 0x0000000100000000)
  eden space 512K, 100% used [0x00000000d5580000,0x00000000d5600000,0x00000000d5600000)
  from space 1024K, 59% used [0x00000000d5600000,0x00000000d5698ee8,0x00000000d5700000)
  to   space 1024K, 0% used [0x00000000d5700000,0x00000000d5700000,0x00000000d5800000)
 ParOldGen       total 351232K, used 351212K [0x0000000080000000, 0x0000000095700000, 0x00000000d5580000)
  object space 351232K, 99% used [0x0000000080000000,0x00000000956fb138,0x0000000095700000)
 Metaspace       used 59285K, committed 60736K, reserved 1114112K
  class space    used 6464K, committed 7104K, reserved 1048576K
}
Event: 4.048 GC heap after
{Heap after GC invocations=401 (full 3):
 PSYoungGen      total 1536K, used 615K [0x00000000d5580000, 0x00000000d5800000, 0x0000000100000000)
  eden space 512K, 0% used [0x00000000d5580000,0x00000000d5580000,0x00000000d5600000)
  from space 1024K, 60% used [0x00000000d5700000,0x00000000d5799fa0,0x00000000d5800000)
  to   space 1024K, 0% used [0x00000000d5600000,0x00000000d5600000,0x00000000d5700000)
 ParOldGen       total 352256K, used 351744K [0x0000000080000000, 0x0000000095800000, 0x00000000d5580000)
  object space 352256K, 99% used [0x0000000080000000,0x0000000095780010,0x0000000095800000)
 Metaspace       used 59285K, committed 60736K, reserved 1114112K
  class space    used 6464K, committed 7104K, reserved 1048576K
}
Event: 4.051 GC heap before
{Heap before GC invocations=402 (full 3):
 PSYoungGen      total 1536K, used 1127K [0x00000000d5580000, 0x00000000d5800000, 0x0000000100000000)
  eden space 512K, 99% used [0x00000000d5580000,0x00000000d55ffff0,0x00000000d5600000)
  from space 1024K, 60% used [0x00000000d5700000,0x00000000d5799fa0,0x00000000d5800000)
  to   space 1024K, 0% used [0x00000000d5600000,0x00000000d5600000,0x00000000d5700000)
 ParOldGen       total 352256K, used 351744K [0x0000000080000000, 0x0000000095800000, 0x00000000d5580000)
  object space 352256K, 99% used [0x0000000080000000,0x0000000095780010,0x0000000095800000)
 Metaspace       used 59285K, committed 60736K, reserved 1114112K
  class space    used 6464K, committed 7104K, reserved 1048576K
}
Event: 4.052 GC heap after
{Heap after GC invocations=402 (full 3):
 PSYoungGen      total 1536K, used 663K [0x00000000d5580000, 0x00000000d5800000, 0x0000000100000000)
  eden space 512K, 0% used [0x00000000d5580000,0x00000000d5580000,0x00000000d5600000)
  from space 1024K, 64% used [0x00000000d5600000,0x00000000d56a5eb8,0x00000000d5700000)
  to   space 1024K, 0% used [0x00000000d5700000,0x00000000d5700000,0x00000000d5800000)
 ParOldGen       total 352768K, used 352274K [0x0000000080000000, 0x0000000095880000, 0x00000000d5580000)
  object space 352768K, 99% used [0x0000000080000000,0x0000000095804a18,0x0000000095880000)
 Metaspace       used 59285K, committed 60736K, reserved 1114112K
  class space    used 6464K, committed 7104K, reserved 1048576K
}
Event: 4.053 GC heap before
{Heap before GC invocations=403 (full 3):
 PSYoungGen      total 1536K, used 1175K [0x00000000d5580000, 0x00000000d5800000, 0x0000000100000000)
  eden space 512K, 100% used [0x00000000d5580000,0x00000000d5600000,0x00000000d5600000)
  from space 1024K, 64% used [0x00000000d5600000,0x00000000d56a5eb8,0x00000000d5700000)
  to   space 1024K, 0% used [0x00000000d5700000,0x00000000d5700000,0x00000000d5800000)
 ParOldGen       total 352768K, used 352274K [0x0000000080000000, 0x0000000095880000, 0x00000000d5580000)
  object space 352768K, 99% used [0x0000000080000000,0x0000000095804a18,0x0000000095880000)
 Metaspace       used 59285K, committed 60736K, reserved 1114112K
  class space    used 6464K, committed 7104K, reserved 1048576K
}
Event: 4.054 GC heap after
{Heap after GC invocations=403 (full 3):
 PSYoungGen      total 1536K, used 678K [0x00000000d5580000, 0x00000000d5800000, 0x0000000100000000)
  eden space 512K, 0% used [0x00000000d5580000,0x00000000d5580000,0x00000000d5600000)
  from space 1024K, 66% used [0x00000000d5700000,0x00000000d57a9b60,0x00000000d5800000)
  to   space 1024K, 0% used [0x00000000d5600000,0x00000000d5600000,0x00000000d5700000)
 ParOldGen       total 353280K, used 352815K [0x0000000080000000, 0x0000000095900000, 0x00000000d5580000)
  object space 353280K, 99% used [0x0000000080000000,0x000000009588bdc0,0x0000000095900000)
 Metaspace       used 59285K, committed 60736K, reserved 1114112K
  class space    used 6464K, committed 7104K, reserved 1048576K
}
Event: 4.058 GC heap before
{Heap before GC invocations=404 (full 3):
 PSYoungGen      total 1536K, used 1190K [0x00000000d5580000, 0x00000000d5800000, 0x0000000100000000)
  eden space 512K, 100% used [0x00000000d5580000,0x00000000d5600000,0x00000000d5600000)
  from space 1024K, 66% used [0x00000000d5700000,0x00000000d57a9b60,0x00000000d5800000)
  to   space 1024K, 0% used [0x00000000d5600000,0x00000000d5600000,0x00000000d5700000)
 ParOldGen       total 353280K, used 352815K [0x0000000080000000, 0x0000000095900000, 0x00000000d5580000)
  object space 353280K, 99% used [0x0000000080000000,0x000000009588bdc0,0x0000000095900000)
 Metaspace       used 59285K, committed 60736K, reserved 1114112K
  class space    used 6464K, committed 7104K, reserved 1048576K
}
Event: 4.058 GC heap after
{Heap after GC invocations=404 (full 3):
 PSYoungGen      total 1536K, used 659K [0x00000000d5580000, 0x00000000d5800000, 0x0000000100000000)
  eden space 512K, 0% used [0x00000000d5580000,0x00000000d5580000,0x00000000d5600000)
  from space 1024K, 64% used [0x00000000d5600000,0x00000000d56a4fd0,0x00000000d5700000)
  to   space 1024K, 0% used [0x00000000d5700000,0x00000000d5700000,0x00000000d5800000)
 ParOldGen       total 353792K, used 353364K [0x0000000080000000, 0x0000000095980000, 0x00000000d5580000)
  object space 353792K, 99% used [0x0000000080000000,0x00000000959153c8,0x0000000095980000)
 Metaspace       used 59285K, committed 60736K, reserved 1114112K
  class space    used 6464K, committed 7104K, reserved 1048576K
}
Event: 4.062 GC heap before
{Heap before GC invocations=405 (full 3):
 PSYoungGen      total 1536K, used 1171K [0x00000000d5580000, 0x00000000d5800000, 0x0000000100000000)
  eden space 512K, 100% used [0x00000000d5580000,0x00000000d5600000,0x00000000d5600000)
  from space 1024K, 64% used [0x00000000d5600000,0x00000000d56a4fd0,0x00000000d5700000)
  to   space 1024K, 0% used [0x00000000d5700000,0x00000000d5700000,0x00000000d5800000)
 ParOldGen       total 353792K, used 353364K [0x0000000080000000, 0x0000000095980000, 0x00000000d5580000)
  object space 353792K, 99% used [0x0000000080000000,0x00000000959153c8,0x0000000095980000)
 Metaspace       used 59285K, committed 60736K, reserved 1114112K
  class space    used 6464K, committed 7104K, reserved 1048576K
}
Event: 4.063 GC heap after
{Heap after GC invocations=405 (full 3):
 PSYoungGen      total 1536K, used 640K [0x00000000d5580000, 0x00000000d5800000, 0x0000000100000000)
  eden space 512K, 0% used [0x00000000d5580000,0x00000000d5580000,0x00000000d5600000)
  from space 1024K, 62% used [0x00000000d5700000,0x00000000d57a0000,0x00000000d5800000)
  to   space 1024K, 0% used [0x00000000d5600000,0x00000000d5600000,0x00000000d5700000)
 ParOldGen       total 354304K, used 353896K [0x0000000080000000, 0x0000000095a00000, 0x00000000d5580000)
  object space 354304K, 99% used [0x0000000080000000,0x000000009599a360,0x0000000095a00000)
 Metaspace       used 59285K, committed 60736K, reserved 1114112K
  class space    used 6464K, committed 7104K, reserved 1048576K
}
Event: 4.068 GC heap before
{Heap before GC invocations=406 (full 3):
 PSYoungGen      total 1536K, used 1152K [0x00000000d5580000, 0x00000000d5800000, 0x0000000100000000)
  eden space 512K, 100% used [0x00000000d5580000,0x00000000d5600000,0x00000000d5600000)
  from space 1024K, 62% used [0x00000000d5700000,0x00000000d57a0000,0x00000000d5800000)
  to   space 1024K, 0% used [0x00000000d5600000,0x00000000d5600000,0x00000000d5700000)
 ParOldGen       total 354304K, used 354232K [0x0000000080000000, 0x0000000095a00000, 0x00000000d5580000)
  object space 354304K, 99% used [0x0000000080000000,0x00000000959ee360,0x0000000095a00000)
 Metaspace       used 59285K, committed 60736K, reserved 1114112K
  class space    used 6464K, committed 7104K, reserved 1048576K
}
Event: 4.068 GC heap after
{Heap after GC invocations=406 (full 3):
 PSYoungGen      total 1536K, used 688K [0x00000000d5580000, 0x00000000d5800000, 0x0000000100000000)
  eden space 512K, 0% used [0x00000000d5580000,0x00000000d5580000,0x00000000d5600000)
  from space 1024K, 67% used [0x00000000d5600000,0x00000000d56ac000,0x00000000d5700000)
  to   space 1024K, 0% used [0x00000000d5700000,0x00000000d5700000,0x00000000d5800000)
 ParOldGen       total 354816K, used 354764K [0x0000000080000000, 0x0000000095a80000, 0x00000000d5580000)
  object space 354816K, 99% used [0x0000000080000000,0x0000000095a73348,0x0000000095a80000)
 Metaspace       used 59285K, committed 60736K, reserved 1114112K
  class space    used 6464K, committed 7104K, reserved 1048576K
}
Event: 4.072 GC heap before
{Heap before GC invocations=407 (full 3):
 PSYoungGen      total 1536K, used 1199K [0x00000000d5580000, 0x00000000d5800000, 0x0000000100000000)
  eden space 512K, 99% used [0x00000000d5580000,0x00000000d55fffe0,0x00000000d5600000)
  from space 1024K, 67% used [0x00000000d5600000,0x00000000d56ac000,0x00000000d5700000)
  to   space 1024K, 0% used [0x00000000d5700000,0x00000000d5700000,0x00000000d5800000)
 ParOldGen       total 354816K, used 354764K [0x0000000080000000, 0x0000000095a80000, 0x00000000d5580000)
  object space 354816K, 99% used [0x0000000080000000,0x0000000095a73348,0x0000000095a80000)
 Metaspace       used 59285K, committed 60736K, reserved 1114112K
  class space    used 6464K, committed 7104K, reserved 1048576K
}
Event: 4.073 GC heap after
{Heap after GC invocations=407 (full 3):
 PSYoungGen      total 1536K, used 583K [0x00000000d5580000, 0x00000000d5800000, 0x0000000100000000)
  eden space 512K, 0% used [0x00000000d5580000,0x00000000d5580000,0x00000000d5600000)
  from space 1024K, 57% used [0x00000000d5700000,0x00000000d5791fa0,0x00000000d5800000)
  to   space 1024K, 0% used [0x00000000d5600000,0x00000000d5600000,0x00000000d5700000)
 ParOldGen       total 355328K, used 355316K [0x0000000080000000, 0x0000000095b00000, 0x00000000d5580000)
  object space 355328K, 99% used [0x0000000080000000,0x0000000095afd2e8,0x0000000095b00000)
 Metaspace       used 59285K, committed 60736K, reserved 1114112K
  class space    used 6464K, committed 7104K, reserved 1048576K
}
Event: 4.077 GC heap before
{Heap before GC invocations=408 (full 3):
 PSYoungGen      total 1536K, used 1092K [0x00000000d5580000, 0x00000000d5800000, 0x0000000100000000)
  eden space 512K, 99% used [0x00000000d5580000,0x00000000d55ff120,0x00000000d5600000)
  from space 1024K, 57% used [0x00000000d5700000,0x00000000d5791fa0,0x00000000d5800000)
  to   space 1024K, 0% used [0x00000000d5600000,0x00000000d5600000,0x00000000d5700000)
 ParOldGen       total 355328K, used 355316K [0x0000000080000000, 0x0000000095b00000, 0x00000000d5580000)
  object space 355328K, 99% used [0x0000000080000000,0x0000000095afd2e8,0x0000000095b00000)
 Metaspace       used 59285K, committed 60736K, reserved 1114112K
  class space    used 6464K, committed 7104K, reserved 1048576K
}
Event: 4.078 GC heap after
{Heap after GC invocations=408 (full 3):
 PSYoungGen      total 1536K, used 576K [0x00000000d5580000, 0x00000000d5800000, 0x0000000100000000)
  eden space 512K, 0% used [0x00000000d5580000,0x00000000d5580000,0x00000000d5600000)
  from space 1024K, 56% used [0x00000000d5600000,0x00000000d5690000,0x00000000d5700000)
  to   space 1024K, 0% used [0x00000000d5700000,0x00000000d5700000,0x00000000d5800000)
 ParOldGen       total 356352K, used 355864K [0x0000000080000000, 0x0000000095c00000, 0x00000000d5580000)
  object space 356352K, 99% used [0x0000000080000000,0x0000000095b86248,0x0000000095c00000)
 Metaspace       used 59285K, committed 60736K, reserved 1114112K
  class space    used 6464K, committed 7104K, reserved 1048576K
}
Event: 4.082 GC heap before
{Heap before GC invocations=409 (full 3):
 PSYoungGen      total 1536K, used 1088K [0x00000000d5580000, 0x00000000d5800000, 0x0000000100000000)
  eden space 512K, 100% used [0x00000000d5580000,0x00000000d5600000,0x00000000d5600000)
  from space 1024K, 56% used [0x00000000d5600000,0x00000000d5690000,0x00000000d5700000)
  to   space 1024K, 0% used [0x00000000d5700000,0x00000000d5700000,0x00000000d5800000)
 ParOldGen       total 356352K, used 355864K [0x0000000080000000, 0x0000000095c00000, 0x00000000d5580000)
  object space 356352K, 99% used [0x0000000080000000,0x0000000095b86248,0x0000000095c00000)
 Metaspace       used 59285K, committed 60736K, reserved 1114112K
  class space    used 6464K, committed 7104K, reserved 1048576K
}
Event: 4.083 GC heap after
{Heap after GC invocations=409 (full 3):
 PSYoungGen      total 1536K, used 640K [0x00000000d5580000, 0x00000000d5800000, 0x0000000100000000)
  eden space 512K, 0% used [0x00000000d5580000,0x00000000d5580000,0x00000000d5600000)
  from space 1024K, 62% used [0x00000000d5700000,0x00000000d57a0000,0x00000000d5800000)
  to   space 1024K, 0% used [0x00000000d5600000,0x00000000d5600000,0x00000000d5700000)
 ParOldGen       total 356864K, used 356392K [0x0000000080000000, 0x0000000095c80000, 0x00000000d5580000)
  object space 356864K, 99% used [0x0000000080000000,0x0000000095c0a238,0x0000000095c80000)
 Metaspace       used 59285K, committed 60736K, reserved 1114112K
  class space    used 6464K, committed 7104K, reserved 1048576K
}

