# JRE version: OpenJDK Runtime Environment Temurin-21.0.8+9 (21.0.8+9) (build 21.0.8+9-LTS)
# Java VM: OpenJDK 64-Bit Server VM Temurin-21.0.8+9 (21.0.8+9-LTS, mixed mode, sharing, tiered, compressed oops, compressed class ptrs, parallel gc, windows-amd64)
GC Precious Log:
 CardTable entry size: 512
 CPUs: 12 total, 12 available
 Memory: 15400M
 Large Page Support: Disabled
 NUMA Support: Disabled
 Compressed Oops: Enabled (32-bit)
 Alignments: Space 512K, Generation 512K, Heap 2M
 Heap Min Capacity: 100M
 Heap Initial Capacity: 100M
 Heap Max Capacity: 2G
 Pre-touch: Disabled
 Parallel Workers: 10
Heap:
 PSYoungGen      total 22528K, used 22350K [0x00000000d5580000, 0x00000000d7180000, 0x0000000100000000)
  eden space 17920K, 100% used [0x00000000d5580000,0x00000000d6700000,0x00000000d6700000)
  from space 4608K, 96% used [0x00000000d6c00000,0x00000000d7053ac0,0x00000000d7080000)
  to   space 5120K, 75% used [0x00000000d6700000,0x00000000d6ac8910,0x00000000d6c00000)
 ParOldGen       total 78336K, used 78255K [0x0000000080000000, 0x0000000084c80000, 0x00000000d5580000)
  object space 78336K, 99% used [0x0000000080000000,0x0000000084c6bf88,0x0000000084c80000)
 Metaspace       used 65219K, committed 66688K, reserved 1114112K
  class space    used 7170K, committed 7808K, reserved 1048576K
GC Heap History (20 events):
Event: 11.261 GC heap before
{Heap before GC invocations=52 (full 3):
 PSYoungGen      total 23040K, used 22783K [0x00000000d5580000, 0x00000000d6f80000, 0x0000000100000000)
  eden space 19968K, 100% used [0x00000000d5580000,0x00000000d6900000,0x00000000d6900000)
  from space 3072K, 91% used [0x00000000d6c80000,0x00000000d6f3fdc0,0x00000000d6f80000)
  to   space 3072K, 0% used [0x00000000d6980000,0x00000000d6980000,0x00000000d6c80000)
 ParOldGen       total 68608K, used 43541K [0x0000000080000000, 0x0000000084300000, 0x00000000d5580000)
  object space 68608K, 63% used [0x0000000080000000,0x0000000082a854a8,0x0000000084300000)
 Metaspace       used 62637K, committed 64128K, reserved 1114112K
  class space    used 6897K, committed 7552K, reserved 1048576K
}
Event: 11.263 GC heap after
{Heap after GC invocations=52 (full 3):
 PSYoungGen      total 23040K, used 3053K [0x00000000d5580000, 0x00000000d7700000, 0x0000000100000000)
  eden space 19968K, 0% used [0x00000000d5580000,0x00000000d5580000,0x00000000d6900000)
  from space 3072K, 99% used [0x00000000d6980000,0x00000000d6c7b728,0x00000000d6c80000)
  to   space 7168K, 0% used [0x00000000d7000000,0x00000000d7000000,0x00000000d7700000)
 ParOldGen       total 68608K, used 46633K [0x0000000080000000, 0x0000000084300000, 0x00000000d5580000)
  object space 68608K, 67% used [0x0000000080000000,0x0000000082d8a770,0x0000000084300000)
 Metaspace       used 62637K, committed 64128K, reserved 1114112K
  class space    used 6897K, committed 7552K, reserved 1048576K
}
Event: 11.294 GC heap before
{Heap before GC invocations=53 (full 3):
 PSYoungGen      total 23040K, used 23021K [0x00000000d5580000, 0x00000000d7700000, 0x0000000100000000)
  eden space 19968K, 100% used [0x00000000d5580000,0x00000000d6900000,0x00000000d6900000)
  from space 3072K, 99% used [0x00000000d6980000,0x00000000d6c7b728,0x00000000d6c80000)
  to   space 7168K, 0% used [0x00000000d7000000,0x00000000d7000000,0x00000000d7700000)
 ParOldGen       total 68608K, used 46633K [0x0000000080000000, 0x0000000084300000, 0x00000000d5580000)
  object space 68608K, 67% used [0x0000000080000000,0x0000000082d8a770,0x0000000084300000)
 Metaspace       used 62964K, committed 64448K, reserved 1114112K
  class space    used 6942K, committed 7616K, reserved 1048576K
}
Event: 11.296 GC heap after
{Heap after GC invocations=53 (full 3):
 PSYoungGen      total 24064K, used 3928K [0x00000000d5580000, 0x00000000d7400000, 0x0000000100000000)
  eden space 19968K, 0% used [0x00000000d5580000,0x00000000d5580000,0x00000000d6900000)
  from space 4096K, 95% used [0x00000000d7000000,0x00000000d73d6140,0x00000000d7400000)
  to   space 5120K, 0% used [0x00000000d6a00000,0x00000000d6a00000,0x00000000d6f00000)
 ParOldGen       total 68608K, used 49475K [0x0000000080000000, 0x0000000084300000, 0x00000000d5580000)
  object space 68608K, 72% used [0x0000000080000000,0x0000000083050e00,0x0000000084300000)
 Metaspace       used 62964K, committed 64448K, reserved 1114112K
  class space    used 6942K, committed 7616K, reserved 1048576K
}
Event: 11.322 GC heap before
{Heap before GC invocations=54 (full 3):
 PSYoungGen      total 24064K, used 23896K [0x00000000d5580000, 0x00000000d7400000, 0x0000000100000000)
  eden space 19968K, 100% used [0x00000000d5580000,0x00000000d6900000,0x00000000d6900000)
  from space 4096K, 95% used [0x00000000d7000000,0x00000000d73d6140,0x00000000d7400000)
  to   space 5120K, 0% used [0x00000000d6a00000,0x00000000d6a00000,0x00000000d6f00000)
 ParOldGen       total 68608K, used 49475K [0x0000000080000000, 0x0000000084300000, 0x00000000d5580000)
  object space 68608K, 72% used [0x0000000080000000,0x0000000083050e00,0x0000000084300000)
 Metaspace       used 63081K, committed 64576K, reserved 1114112K
  class space    used 6965K, committed 7616K, reserved 1048576K
}
Event: 11.323 GC heap after
{Heap after GC invocations=54 (full 3):
 PSYoungGen      total 23552K, used 3465K [0x00000000d5580000, 0x00000000d7100000, 0x0000000100000000)
  eden space 19968K, 0% used [0x00000000d5580000,0x00000000d5580000,0x00000000d6900000)
  from space 3584K, 96% used [0x00000000d6a00000,0x00000000d6d62410,0x00000000d6d80000)
  to   space 3584K, 0% used [0x00000000d6d80000,0x00000000d6d80000,0x00000000d7100000)
 ParOldGen       total 68608K, used 53170K [0x0000000080000000, 0x0000000084300000, 0x00000000d5580000)
  object space 68608K, 77% used [0x0000000080000000,0x00000000833ec970,0x0000000084300000)
 Metaspace       used 63081K, committed 64576K, reserved 1114112K
  class space    used 6965K, committed 7616K, reserved 1048576K
}
Event: 11.348 GC heap before
{Heap before GC invocations=55 (full 3):
 PSYoungGen      total 23552K, used 23433K [0x00000000d5580000, 0x00000000d7100000, 0x0000000100000000)
  eden space 19968K, 100% used [0x00000000d5580000,0x00000000d6900000,0x00000000d6900000)
  from space 3584K, 96% used [0x00000000d6a00000,0x00000000d6d62410,0x00000000d6d80000)
  to   space 3584K, 0% used [0x00000000d6d80000,0x00000000d6d80000,0x00000000d7100000)
 ParOldGen       total 68608K, used 53170K [0x0000000080000000, 0x0000000084300000, 0x00000000d5580000)
  object space 68608K, 77% used [0x0000000080000000,0x00000000833ec970,0x0000000084300000)
 Metaspace       used 63178K, committed 64704K, reserved 1114112K
  class space    used 6992K, committed 7680K, reserved 1048576K
}
Event: 11.350 GC heap after
{Heap after GC invocations=55 (full 3):
 PSYoungGen      total 23552K, used 3232K [0x00000000d5580000, 0x00000000d7100000, 0x0000000100000000)
  eden space 19968K, 0% used [0x00000000d5580000,0x00000000d5580000,0x00000000d6900000)
  from space 3584K, 90% used [0x00000000d6d80000,0x00000000d70a8130,0x00000000d7100000)
  to   space 3584K, 0% used [0x00000000d6a00000,0x00000000d6a00000,0x00000000d6d80000)
 ParOldGen       total 68608K, used 56328K [0x0000000080000000, 0x0000000084300000, 0x00000000d5580000)
  object space 68608K, 82% used [0x0000000080000000,0x0000000083702120,0x0000000084300000)
 Metaspace       used 63178K, committed 64704K, reserved 1114112K
  class space    used 6992K, committed 7680K, reserved 1048576K
}
Event: 11.380 GC heap before
{Heap before GC invocations=56 (full 3):
 PSYoungGen      total 23552K, used 23200K [0x00000000d5580000, 0x00000000d7100000, 0x0000000100000000)
  eden space 19968K, 100% used [0x00000000d5580000,0x00000000d6900000,0x00000000d6900000)
  from space 3584K, 90% used [0x00000000d6d80000,0x00000000d70a8130,0x00000000d7100000)
  to   space 3584K, 0% used [0x00000000d6a00000,0x00000000d6a00000,0x00000000d6d80000)
 ParOldGen       total 68608K, used 56328K [0x0000000080000000, 0x0000000084300000, 0x00000000d5580000)
  object space 68608K, 82% used [0x0000000080000000,0x0000000083702120,0x0000000084300000)
 Metaspace       used 63379K, committed 64896K, reserved 1114112K
  class space    used 7012K, committed 7680K, reserved 1048576K
}
Event: 11.382 GC heap after
{Heap after GC invocations=56 (full 3):
 PSYoungGen      total 23552K, used 3583K [0x00000000d5580000, 0x00000000d7900000, 0x0000000100000000)
  eden space 19968K, 0% used [0x00000000d5580000,0x00000000d5580000,0x00000000d6900000)
  from space 3584K, 99% used [0x00000000d6a00000,0x00000000d6d7fd78,0x00000000d6d80000)
  to   space 8192K, 0% used [0x00000000d7100000,0x00000000d7100000,0x00000000d7900000)
 ParOldGen       total 68608K, used 59776K [0x0000000080000000, 0x0000000084300000, 0x00000000d5580000)
  object space 68608K, 87% used [0x0000000080000000,0x0000000083a60000,0x0000000084300000)
 Metaspace       used 63379K, committed 64896K, reserved 1114112K
  class space    used 7012K, committed 7680K, reserved 1048576K
}
Event: 11.412 GC heap before
{Heap before GC invocations=57 (full 3):
 PSYoungGen      total 23552K, used 23551K [0x00000000d5580000, 0x00000000d7900000, 0x0000000100000000)
  eden space 19968K, 100% used [0x00000000d5580000,0x00000000d6900000,0x00000000d6900000)
  from space 3584K, 99% used [0x00000000d6a00000,0x00000000d6d7fd78,0x00000000d6d80000)
  to   space 8192K, 0% used [0x00000000d7100000,0x00000000d7100000,0x00000000d7900000)
 ParOldGen       total 68608K, used 59776K [0x0000000080000000, 0x0000000084300000, 0x00000000d5580000)
  object space 68608K, 87% used [0x0000000080000000,0x0000000083a60000,0x0000000084300000)
 Metaspace       used 63620K, committed 65152K, reserved 1114112K
  class space    used 7028K, committed 7680K, reserved 1048576K
}
Event: 11.414 GC heap after
{Heap after GC invocations=57 (full 3):
 PSYoungGen      total 24064K, used 3711K [0x00000000d5580000, 0x00000000d7500000, 0x0000000100000000)
  eden space 19968K, 0% used [0x00000000d5580000,0x00000000d5580000,0x00000000d6900000)
  from space 4096K, 90% used [0x00000000d7100000,0x00000000d749fef0,0x00000000d7500000)
  to   space 5120K, 0% used [0x00000000d6b00000,0x00000000d6b00000,0x00000000d7000000)
 ParOldGen       total 68608K, used 63651K [0x0000000080000000, 0x0000000084300000, 0x00000000d5580000)
  object space 68608K, 92% used [0x0000000080000000,0x0000000083e28f80,0x0000000084300000)
 Metaspace       used 63620K, committed 65152K, reserved 1114112K
  class space    used 7028K, committed 7680K, reserved 1048576K
}
Event: 11.437 GC heap before
{Heap before GC invocations=58 (full 3):
 PSYoungGen      total 24064K, used 23679K [0x00000000d5580000, 0x00000000d7500000, 0x0000000100000000)
  eden space 19968K, 100% used [0x00000000d5580000,0x00000000d6900000,0x00000000d6900000)
  from space 4096K, 90% used [0x00000000d7100000,0x00000000d749fef0,0x00000000d7500000)
  to   space 5120K, 0% used [0x00000000d6b00000,0x00000000d6b00000,0x00000000d7000000)
 ParOldGen       total 68608K, used 63651K [0x0000000080000000, 0x0000000084300000, 0x00000000d5580000)
  object space 68608K, 92% used [0x0000000080000000,0x0000000083e28f80,0x0000000084300000)
 Metaspace       used 63761K, committed 65280K, reserved 1114112K
  class space    used 7052K, committed 7744K, reserved 1048576K
}
Event: 11.438 GC heap after
{Heap after GC invocations=58 (full 3):
 PSYoungGen      total 24064K, used 3658K [0x00000000d5580000, 0x00000000d7180000, 0x0000000100000000)
  eden space 19968K, 0% used [0x00000000d5580000,0x00000000d5580000,0x00000000d6900000)
  from space 4096K, 89% used [0x00000000d6b00000,0x00000000d6e92b80,0x00000000d6f00000)
  to   space 2560K, 0% used [0x00000000d6f00000,0x00000000d6f00000,0x00000000d7180000)
 ParOldGen       total 68608K, used 67129K [0x0000000080000000, 0x0000000084300000, 0x00000000d5580000)
  object space 68608K, 97% used [0x0000000080000000,0x000000008418e4a8,0x0000000084300000)
 Metaspace       used 63761K, committed 65280K, reserved 1114112K
  class space    used 7052K, committed 7744K, reserved 1048576K
}
Event: 11.460 GC heap before
{Heap before GC invocations=59 (full 3):
 PSYoungGen      total 24064K, used 23626K [0x00000000d5580000, 0x00000000d7180000, 0x0000000100000000)
  eden space 19968K, 100% used [0x00000000d5580000,0x00000000d6900000,0x00000000d6900000)
  from space 4096K, 89% used [0x00000000d6b00000,0x00000000d6e92b80,0x00000000d6f00000)
  to   space 2560K, 0% used [0x00000000d6f00000,0x00000000d6f00000,0x00000000d7180000)
 ParOldGen       total 68608K, used 67129K [0x0000000080000000, 0x0000000084300000, 0x00000000d5580000)
  object space 68608K, 97% used [0x0000000080000000,0x000000008418e4a8,0x0000000084300000)
 Metaspace       used 64014K, committed 65536K, reserved 1114112K
  class space    used 7075K, committed 7744K, reserved 1048576K
}
Event: 11.462 GC heap after
{Heap after GC invocations=59 (full 3):
 PSYoungGen      total 20992K, used 2550K [0x00000000d5580000, 0x00000000d7800000, 0x0000000100000000)
  eden space 18432K, 0% used [0x00000000d5580000,0x00000000d5580000,0x00000000d6780000)
  from space 2560K, 99% used [0x00000000d6f00000,0x00000000d717d860,0x00000000d7180000)
  to   space 7680K, 0% used [0x00000000d6780000,0x00000000d6780000,0x00000000d6f00000)
 ParOldGen       total 71680K, used 71372K [0x0000000080000000, 0x0000000084600000, 0x00000000d5580000)
  object space 71680K, 99% used [0x0000000080000000,0x00000000845b3170,0x0000000084600000)
 Metaspace       used 64014K, committed 65536K, reserved 1114112K
  class space    used 7075K, committed 7744K, reserved 1048576K
}
Event: 11.480 GC heap before
{Heap before GC invocations=60 (full 3):
 PSYoungGen      total 20992K, used 20980K [0x00000000d5580000, 0x00000000d7800000, 0x0000000100000000)
  eden space 18432K, 99% used [0x00000000d5580000,0x00000000d677fa40,0x00000000d6780000)
  from space 2560K, 99% used [0x00000000d6f00000,0x00000000d717d860,0x00000000d7180000)
  to   space 7680K, 0% used [0x00000000d6780000,0x00000000d6780000,0x00000000d6f00000)
 ParOldGen       total 71680K, used 71372K [0x0000000080000000, 0x0000000084600000, 0x00000000d5580000)
  object space 71680K, 99% used [0x0000000080000000,0x00000000845b3170,0x0000000084600000)
 Metaspace       used 64150K, committed 65664K, reserved 1114112K
  class space    used 7092K, committed 7744K, reserved 1048576K
}
Event: 11.481 GC heap after
{Heap after GC invocations=60 (full 3):
 PSYoungGen      total 22016K, used 3120K [0x00000000d5580000, 0x00000000d7080000, 0x0000000100000000)
  eden space 18432K, 0% used [0x00000000d5580000,0x00000000d5580000,0x00000000d6780000)
  from space 3584K, 87% used [0x00000000d6780000,0x00000000d6a8c2c8,0x00000000d6b00000)
  to   space 4608K, 0% used [0x00000000d6c00000,0x00000000d6c00000,0x00000000d7080000)
 ParOldGen       total 74240K, used 73838K [0x0000000080000000, 0x0000000084880000, 0x00000000d5580000)
  object space 74240K, 99% used [0x0000000080000000,0x000000008481b958,0x0000000084880000)
 Metaspace       used 64150K, committed 65664K, reserved 1114112K
  class space    used 7092K, committed 7744K, reserved 1048576K
}
Event: 11.506 GC heap before
{Heap before GC invocations=61 (full 3):
 PSYoungGen      total 22016K, used 21552K [0x00000000d5580000, 0x00000000d7080000, 0x0000000100000000)
  eden space 18432K, 100% used [0x00000000d5580000,0x00000000d6780000,0x00000000d6780000)
  from space 3584K, 87% used [0x00000000d6780000,0x00000000d6a8c2c8,0x00000000d6b00000)
  to   space 4608K, 0% used [0x00000000d6c00000,0x00000000d6c00000,0x00000000d7080000)
 ParOldGen       total 74240K, used 73838K [0x0000000080000000, 0x0000000084880000, 0x00000000d5580000)
  object space 74240K, 99% used [0x0000000080000000,0x000000008481b958,0x0000000084880000)
 Metaspace       used 64566K, committed 66112K, reserved 1114112K
  class space    used 7126K, committed 7808K, reserved 1048576K
}
Event: 11.508 GC heap after
{Heap after GC invocations=61 (full 3):
 PSYoungGen      total 22528K, used 4430K [0x00000000d5580000, 0x00000000d7180000, 0x0000000100000000)
  eden space 17920K, 0% used [0x00000000d5580000,0x00000000d5580000,0x00000000d6700000)
  from space 4608K, 96% used [0x00000000d6c00000,0x00000000d7053ac0,0x00000000d7080000)
  to   space 5120K, 0% used [0x00000000d6700000,0x00000000d6700000,0x00000000d6c00000)
 ParOldGen       total 76800K, used 76792K [0x0000000080000000, 0x0000000084b00000, 0x00000000d5580000)
  object space 76800K, 99% used [0x0000000080000000,0x0000000084afe1f0,0x0000000084b00000)
 Metaspace       used 64566K, committed 66112K, reserved 1114112K
  class space    used 7126K, committed 7808K, reserved 1048576K
}

